0 info it worked if it ends with ok
1 verbose cli [ '/home/tknew/.nvm/v0.11.14/bin/node',
1 verbose cli   '/home/tknew/.nvm/v0.11.14/bin/npm',
1 verbose cli   'publish' ]
2 info using npm@2.0.0
3 info using node@v0.11.14
4 verbose publish [ '.' ]
5 verbose cache add [ '.', null ]
6 verbose cache add spec="." args=[".",null]
7 verbose parsed spec { raw: '.',
7 verbose parsed spec   scope: null,
7 verbose parsed spec   name: null,
7 verbose parsed spec   rawSpec: '.',
7 verbose parsed spec   spec: '/home/tknew/pm2-ssh',
7 verbose parsed spec   type: 'local' }
8 verbose cache add local package /home/tknew/pm2-ssh
9 silly lockFile 3a52ce78- .
10 verbose lock . /home/tknew/.npm/3a52ce78-.lock
11 verbose tar pack [ '/home/tknew/.npm/pm2-ssh/1.15.0/package.tgz', '.' ]
12 verbose tarball /home/tknew/.npm/pm2-ssh/1.15.0/package.tgz
13 verbose folder .
14 info prepublish pm2-ssh@1.15.0
15 silly lockFile 1f1177db-tar tar://.
16 verbose lock tar://. /home/tknew/.npm/1f1177db-tar.lock
17 silly lockFile 4ad51d59-w-npm-pm2-ssh-1-15-0-package-tgz tar:///home/tknew/.npm/pm2-ssh/1.15.0/package.tgz
18 verbose lock tar:///home/tknew/.npm/pm2-ssh/1.15.0/package.tgz /home/tknew/.npm/4ad51d59-w-npm-pm2-ssh-1-15-0-package-tgz.lock
19 silly lockFile 1f1177db-tar tar://.
20 silly lockFile 1f1177db-tar tar://.
21 silly lockFile 4ad51d59-w-npm-pm2-ssh-1-15-0-package-tgz tar:///home/tknew/.npm/pm2-ssh/1.15.0/package.tgz
22 silly lockFile 4ad51d59-w-npm-pm2-ssh-1-15-0-package-tgz tar:///home/tknew/.npm/pm2-ssh/1.15.0/package.tgz
23 silly lockFile 665f745a-tknew-npm-pm2-ssh-1-15-0-package /home/tknew/.npm/pm2-ssh/1.15.0/package
24 verbose lock /home/tknew/.npm/pm2-ssh/1.15.0/package /home/tknew/.npm/665f745a-tknew-npm-pm2-ssh-1-15-0-package.lock
25 silly lockFile 665f745a-tknew-npm-pm2-ssh-1-15-0-package /home/tknew/.npm/pm2-ssh/1.15.0/package
26 silly lockFile 665f745a-tknew-npm-pm2-ssh-1-15-0-package /home/tknew/.npm/pm2-ssh/1.15.0/package
27 silly lockFile 3a52ce78- .
28 silly lockFile 3a52ce78- .
29 silly publish { name: 'pm2-ssh',
29 silly publish   version: '1.15.0',
29 silly publish   description: 'This is a POC of the upcoming module system for PM2.',
29 silly publish   main: 'tty.js',
29 silly publish   scripts: { test: 'echo "Error: no test specified" && exit 1' },
29 silly publish   dependencies:
29 silly publish    { pmx: '*',
29 silly publish      'pty.js': 'git+ssh://git@github.com/Unitech/tty.js.git' },
29 silly publish   apps:
29 silly publish    [ { script: 'app.js',
29 silly publish        log_date_format: 'YYYY-MM-DD HH:mm:ss Z',
29 silly publish        max_memory_restart: '100M',
29 silly publish        merge_logs: true } ],
29 silly publish   author: '',
29 silly publish   license: 'ISC',
29 silly publish   readme: '\nThis is a POC of the upcoming module system for PM2.\n\n# pm2-ssh\n\nExpose a web console from your server with this pm2 plugin. HTTPS capable with username/password authentication. Powered by [tty.js](https://github.com/chjj/tty.js/)\n\nNeed PM2 +0.12.7.\n\n![PM2 SSH](https://github.com/pm2-hive/pm2-ssh/raw/master/preview.png)\n\n## Install\n\n```bash\n$ npm install pm2 -g\n\n$ pm2 install pm2-ssh\n$ google-chrome http://localhost:8080\n```\n\nUsername: foo\nPassword: bar\n\n## Configure\n\n```\n# Changer user\n$ pm2 set pm2-ssh:username foo\n\n# Change password\n$ pm2 set pm2-ssh:password bar\n\n# Change port\n$ pm2 set pm2-ssh:port 7890\n\n# Use https\n$ pm2 set pm2-ssh:https true\n```\n\n## Uninstall\n\n```bash\n$ pm2 uninstall pm2-ssh\n```\n\n# License\n\nMIT\n',
29 silly publish   readmeFilename: 'README.md',
29 silly publish   gitHead: 'ff75c6c0e06493f977cd124eb2c84ca76e08e9a6',
29 silly publish   _id: 'pm2-ssh@1.15.0',
29 silly publish   _shasum: '197c724abdc0db3914e5d21903d1901a4914e131',
29 silly publish   _from: '.' }
30 verbose mapToRegistry name pm2-ssh
31 verbose mapToRegistry uri https://registry.npmjs.org/pm2-ssh
32 verbose publish registryBase https://registry.npmjs.org/
33 verbose stack Error: auth and email required for publishing
33 verbose stack     at RegClient.publish (/home/tknew/.nvm/v0.11.14/lib/node_modules/npm/node_modules/npm-registry-client/lib/publish.js:17:14)
33 verbose stack     at /home/tknew/.nvm/v0.11.14/lib/node_modules/npm/lib/publish.js:113:14
33 verbose stack     at mapToRegistry (/home/tknew/.nvm/v0.11.14/lib/node_modules/npm/lib/utils/map-to-registry.js:53:3)
33 verbose stack     at publish_ (/home/tknew/.nvm/v0.11.14/lib/node_modules/npm/lib/publish.js:101:3)
33 verbose stack     at Array.<anonymous> (/home/tknew/.nvm/v0.11.14/lib/node_modules/npm/node_modules/slide/lib/bind-actor.js:15:8)
33 verbose stack     at LOOP (/home/tknew/.nvm/v0.11.14/lib/node_modules/npm/node_modules/slide/lib/chain.js:15:14)
33 verbose stack     at LOOP (/home/tknew/.nvm/v0.11.14/lib/node_modules/npm/node_modules/slide/lib/chain.js:14:28)
33 verbose stack     at chain (/home/tknew/.nvm/v0.11.14/lib/node_modules/npm/node_modules/slide/lib/chain.js:20:5)
33 verbose stack     at /home/tknew/.nvm/v0.11.14/lib/node_modules/npm/lib/publish.js:62:5
33 verbose stack     at /home/tknew/.nvm/v0.11.14/lib/node_modules/npm/node_modules/inflight/inflight.js:22:7
34 verbose cwd /home/tknew/pm2-ssh
35 error Linux 3.13.0-39-generic
36 error argv "/home/tknew/.nvm/v0.11.14/bin/node" "/home/tknew/.nvm/v0.11.14/bin/npm" "publish"
37 error node v0.11.14
38 error npm  v2.0.0
39 error code ENEEDAUTH
40 error need auth auth and email required for publishing
40 error need auth You need to authorize this machine using `npm adduser`
41 verbose exit [ 1, true ]
